Using pre-set license
Built from '2020.2/staging' branch; Version is '2020.2.6f1 (8a2143876886) revision 9052483'; Using compiler version '192528614'; Build Type 'Release'
OS: 'Windows 10 Home; OS build 19042.804; Version 2009; 64bit' Language: 'es' Physical Memory: 8060 MB
BatchMode: 1, IsHumanControllingUs: 0, StartBugReporterOnCrash: 0, Is64bit: 1, IsPro: 0

 COMMAND LINE ARGUMENTS:
C:\Program Files\Unity\Editor\Unity.exe
-adb2
-batchMode
-noUpm
-name
AssetImportWorker0
-projectPath
C:/Users/sheil/Desktop/DAM2-2020/LasAventurasDelZorritoKreeper
-logFile
Logs/AssetImportWorker0.log
-srvPort
50180
Successfully changed project path to: C:/Users/sheil/Desktop/DAM2-2020/LasAventurasDelZorritoKreeper
C:/Users/sheil/Desktop/DAM2-2020/LasAventurasDelZorritoKreeper
Using Asset Import Pipeline V2.
Refreshing native plugins compatible for Editor in 104.23 ms, found 1 plugins.
Preloading 0 native plugins for Editor in 0.00 ms.
Initialize engine version: 2020.2.6f1 (8a2143876886)
[Subsystems] Discovering subsystems at path C:/Program Files/Unity/Editor/Data/Resources/UnitySubsystems
[Subsystems] Discovering subsystems at path C:/Users/sheil/Desktop/DAM2-2020/LasAventurasDelZorritoKreeper/Assets
GfxDevice: creating device client; threaded=0
Direct3D:
    Version:  Direct3D 11.0 [level 11.1]
    Renderer: Intel(R) HD Graphics 620 (ID=0x5916)
    Vendor:   
    VRAM:     4030 MB
    Driver:   27.20.100.8681
Initialize mono
Mono path[0] = 'C:/Program Files/Unity/Editor/Data/Managed'
Mono path[1] = 'C:/Program Files/Unity/Editor/Data/MonoBleedingEdge/lib/mono/unityjit'
Mono config path = 'C:/Program Files/Unity/Editor/Data/MonoBleedingEdge/etc'
Using monoOptions --debugger-agent=transport=dt_socket,embedding=1,server=y,suspend=n,address=127.0.0.1:56792
Begin MonoManager ReloadAssembly
Registering precompiled unity dll's ...
Register platform support module: C:/Program Files/Unity/Editor/Data/PlaybackEngines/WindowsStandaloneSupport/UnityEditor.WindowsStandalone.Extensions.dll
Registered in 0.002720 seconds.
Native extension for WindowsStandalone target not found
Refreshing native plugins compatible for Editor in 65.53 ms, found 1 plugins.
Preloading 0 native plugins for Editor in 0.00 ms.
Invoked RoslynAnalysisRunner static constructor.
RoslynAnalysisRunner will not be running.
RoslynAnalysisRunner has terminated.
Mono: successfully reloaded assembly
- Completed reload, in  1.757 seconds
Platform modules already initialized, skipping
Registering precompiled user dll's ...
Registered in 0.026251 seconds.
Begin MonoManager ReloadAssembly
Native extension for WindowsStandalone target not found
Refreshing native plugins compatible for Editor in 79.09 ms, found 1 plugins.
Preloading 0 native plugins for Editor in 0.00 ms.
Invoked RoslynAnalysisRunner static constructor.
RoslynAnalysisRunner will not be running.
RoslynAnalysisRunner has terminated.
Mono: successfully reloaded assembly
- Completed reload, in  1.630 seconds
Platform modules already initialized, skipping
========================================================================
Worker process is ready to serve import requests
Launched and connected shader compiler UnityShaderCompiler.exe after 0.18 seconds
Refreshing native plugins compatible for Editor in 0.76 ms, found 1 plugins.
Preloading 0 native plugins for Editor in 0.00 ms.
Unloading 1796 Unused Serialized files (Serialized files now loaded: 0)
System memory in use before: 84.6 MB.
System memory in use after: 84.6 MB.

Unloading 24 unused Assets to reduce memory usage. Loaded Objects now: 2237.
Total: 4.082100 ms (FindLiveObjects: 0.506000 ms CreateObjectMapping: 0.183800 ms MarkObjects: 3.188900 ms  DeleteObjects: 0.201200 ms)

========================================================================
Received Import Request.
  path: Assets/2D_STONE AGE WORLD/Assets/Water_2D/Prefabs/Water.prefab
  artifactKey: Guid(4fcabf5592dbd8e4eb226c8b14d15e49) Importer(815301076,1909f56bfc062723c751e8b465ee728b)
Start importing Assets/2D_STONE AGE WORLD/Assets/Water_2D/Prefabs/Water.prefab using Guid(4fcabf5592dbd8e4eb226c8b14d15e49) Importer(815301076,1909f56bfc062723c751e8b465ee728b)  -> (artifact id: 'bd48b95e837b2d8d09462d62df3df99e') in 1.400728 seconds
  Import took 1.406675 seconds .

========================================================================
Received Import Request.
  Time since last request: 0.000263 seconds.
  path: Assets/2D_STONE AGE WORLD/Assets/Water_2D/Prefabs/Tar.prefab
  artifactKey: Guid(942d42f8a4c090f439dc938176155c62) Importer(815301076,1909f56bfc062723c751e8b465ee728b)
Start importing Assets/2D_STONE AGE WORLD/Assets/Water_2D/Prefabs/Tar.prefab using Guid(942d42f8a4c090f439dc938176155c62) Importer(815301076,1909f56bfc062723c751e8b465ee728b)  -> (artifact id: '41004e7ce7e594af12b5faa4ca3b71f0') in 0.108916 seconds
  Import took 0.113553 seconds .

========================================================================
Received Import Request.
  Time since last request: 0.000307 seconds.
  path: Assets/2D_STONE AGE WORLD/Assets/Water_2D/Prefabs/Waterfall.prefab
  artifactKey: Guid(9be8b1072f9fc454f9b683508c58952d) Importer(815301076,1909f56bfc062723c751e8b465ee728b)
Start importing Assets/2D_STONE AGE WORLD/Assets/Water_2D/Prefabs/Waterfall.prefab using Guid(9be8b1072f9fc454f9b683508c58952d) Importer(815301076,1909f56bfc062723c751e8b465ee728b)  -> (artifact id: '3518179983763848c1d0e416a057b8e8') in 0.107362 seconds
  Import took 0.118930 seconds .

AssetImportWorkerClient::OnTransportError - code=2 error=End of file
